Started POST "/api/order_processor/calculate_total" for ::1 at 2025-08-13 21:26:32 +0530
  [1m[35m (0.2ms)[0m  [1m[35mCREATE TABLE "schema_migrations" ("version" varchar NOT NULL PRIMARY KEY)[0m
  [1m[35m (0.1ms)[0m  [1m[35mCREATE TABLE "ar_internal_metadata" ("key" varchar NOT NULL PRIMARY KEY, "value" varchar, "created_at" datetime(6) NOT NULL, "updated_at" datetime(6) NOT NULL)[0m
  [1m[36mActiveRecord::SchemaMigration Load (0.1ms)[0m  [1m[34mSELECT "schema_migrations"."version" FROM "schema_migrations" ORDER BY "schema_migrations"."version" ASC[0m
Processing by Api::OrderProcessorController#calculate_total as */*
  Parameters: {"items"=>[{"price"=>10, "quantity"=>5}, {"price"=>10, "quantity"=>nil}], "order_processor"=>{"items"=>[{"price"=>10, "quantity"=>5}, {"price"=>10, "quantity"=>nil}]}}
Completed 500 Internal Server Error in 3ms (ActiveRecord: 0.0ms | Allocations: 2016)


  
TypeError (nil can't be coerced into Integer):
  
app/models/order_processor.rb:12:in `*'
app/models/order_processor.rb:12:in `block in calculate_total'
app/models/order_processor.rb:11:in `sum'
app/models/order_processor.rb:11:in `calculate_total'
app/controllers/api/order_processor_controller.rb:11:in `calculate_total'
Started POST "/api/order_processor/calculate_total" for ::1 at 2025-08-13 22:49:46 +0530
  [1m[35m (0.2ms)[0m  [1m[35mCREATE TABLE "schema_migrations" ("version" varchar NOT NULL PRIMARY KEY)[0m
  [1m[35m (0.1ms)[0m  [1m[35mCREATE TABLE "ar_internal_metadata" ("key" varchar NOT NULL PRIMARY KEY, "value" varchar, "created_at" datetime(6) NOT NULL, "updated_at" datetime(6) NOT NULL)[0m
  [1m[36mActiveRecord::SchemaMigration Load (0.1ms)[0m  [1m[34mSELECT "schema_migrations"."version" FROM "schema_migrations" ORDER BY "schema_migrations"."version" ASC[0m
Processing by Api::OrderProcessorController#calculate_total as */*
  Parameters: {"items"=>[{"price"=>10, "quantity"=>5}, {"price"=>10, "quantity"=>nil}], "order_processor"=>{"items"=>[{"price"=>10, "quantity"=>5}, {"price"=>10, "quantity"=>nil}]}}
Completed 500 Internal Server Error in 3ms (ActiveRecord: 0.0ms | Allocations: 2016)


  
TypeError (nil can't be coerced into Integer):
  
app/models/order_processor.rb:12:in `*'
app/models/order_processor.rb:12:in `block in calculate_total'
app/models/order_processor.rb:11:in `sum'
app/models/order_processor.rb:11:in `calculate_total'
app/controllers/api/order_processor_controller.rb:11:in `calculate_total'
